
 **** INPUT FILE VPSC.IN FOR THIS RUN ****
1                          number of elements (nelem)                           
2                          number of phases (nph)                               
0.825 0.175                   relative vol. fract. of phases (wph(i)) T1705     
*INFORMATION ABOUT PHASE #1                                                     
2   0   25                    grain shape contrl, fragmentn, crit aspect ratio  
1.0 1.0 1.0                 initial ellipsoid ratios (dummy if ishape=4)        
0.0 0.0 0.0                 init Eul ang ellips axes (dummy if ishape=3,4)      
* name and path of texture file (filetext)                                      
alphaTex.tex                                                                    
* name and path of single crystal file (filecrys)                               
IMSP6242.SX                                                                     
* name and path of grain shape file (dummy if ishape=0) (fileaxes)              
shape1.100                                                                      
*INFORMATION ABOUT PHASE #2                                                     
2    0    25                  grain shape contrl, fragmentn, crit aspect ratio  
1.0  1.0  1.0                 initial ellipsoid ratios (dummy if ishape=4)      
0.0  0.0  0.0                 init Eul ang ellips axes (dummy if ishape=3,4)    
* name and path of texture file (filetext)                                      
betaTEX.tex                                                                     
* name and path of single crystal file (filecrys)                               
IMSP6242B.SX                                                                    
* name and path of grain shape file (dummy if ishape=0) (fileaxes)              
shape1.100                                                                      
*PRECISION SETTINGS FOR CONVERGENCE PROCEDURES (default values)                 
0.001 0.001 0.001 0.001    errs,errd,errm,errso                                 
100 100 25               itmax:   max # of iter, external, internal and SO loops
0  2 10 2   irsvar & xrsini,xrsfin,xrstep (dummy if irsvar=0)                   
1              ibcinv (0: don't use <Bc>**-1, 1: use <Bc>**-1 in SC eq)         
*INPUT/OUTPUT SETTINGS FOR THE RUN (default is zero)                            
0              irecover:read grain states from POSTMORT.IN (1) or not (0)?      
0              isave:   write grain states in POSTMORT.OUT at step 'isave'?     
0              icubcomp:calculate fcc rolling components?                       
2              nwrite (frequency of texture downloads)                          
*MODELING CONDITIONS FOR THE RUN                                                
3              interaction (0:FC,1:affine,2:secant,3:neff=10,4:tangent,5:SO)    
1  1  1        iupdate: update orient, grain shape, hardening                   
0              nneigh (0 for no neighbors, 1 for pairs, etc.)                   
0              iflu (0: don't calc, 1: calc fluctuations)                       
*NUMBER OF PROCESSES (COMBINATION OF UNIFORM OR VARIABLE LOAD,PCYS,LANKFORD)    
3                                                                               
*IVGVAR AND PATH\NAME OF FILE OR STRESS SUBSPACE OR ANGULAR INCREMENT           
4		  ivgvar=4 runs a rigid rotation of the specimen                             
rotmatrix.txt                                                                   
0         ivgvar=0 will run a monotonic strain path                             
tension.3                                                                       
4		  ivgvar=4 runs a rigid rotation of the specimen                             
rotmatrixINV.txt                                                                

IPH=  0  FIJPH     1.0000   0.0000   0.0000   0.0000   1.0000   0.0000   0.0000   0.0000   1.0000
         EIGNVAL   1.0000   1.0000   1.0000
         EIGNVEC   1.0000  -0.0000   0.0000   0.0000  -0.0000   1.0000   0.0000  -1.0000   0.0000

 **** CRYSTAL DATA FILE ****
*Material: Ti-6242 alpha phase                                                  
HEXAGONAL                                crysym                                 
1.0  1.0  1.594     90.0  90.0  120.0    cdim(i),cang(i)                        
*Elastic stiffness of single crystal [MPa]                                      
  141.0e3    76.9e3    57.9e3     0.0     0.0     0.0                           
   76.9e3   141.0e3    57.9e3     0.0     0.0     0.0                           
   57.9e3    57.9e3   163.0e3     0.0     0.0     0.0                           
    0.0     0.0     0.0    48.7e3     0.0e3     0.0e3                           
    0.0     0.0     0.0     0.0e3    48.7e3     0.0e3                           
    0.0     0.0     0.0     0.0e3     0.0e3    32.05e3                          
*Thermal expansion coefficients of single crystal[K^(-1)]                       
  5.7e-6   5.7e-6  10.3e-6   0.0e0   0.0e0   0.0e0                              
SLIP AND TWINNING MODES                                                         
7                               nmodesx                                         
7                               nmodes                                          
1 2 3 4 5 6 7                    mode(i)                                        
PRISMATIC 3                                                                     
 1    1   1   0                       modex,nsmx,iopsysx,itwtypex               
 1  0 -1  0    -1  2 -1  0                                                      
PRISMATIC 1                                                                     
 2    1   1   0                       modex,nsmx,iopsysx,itwtypex               
 0 -1  1  0     2 -1 -1  0                                                      
PRISMATIC 2                                                                     
 3    1   1   0                       modex,nsmx,iopsysx,itwtypex               
 -1  1  0  0    -1 -1  2  0                                                     
BASAL 2                                                                         
 4    1   1   0                       modex,nsmx,iopsysx,itwtypex               
 0  0  0  1    -1 -1  2  0                                                      
BASAL  3                                                                        
  5    1   1   0                       modex,nsmx,iopsysx,itwtypex              
 0  0  0  1     -1  2 -1  0                                                     
BASAL  1                                                                        
  6    1   1   0                       modex,nsmx,iopsysx,itwtypex              
 0  0  0  1    2 -1 -1  0                                                       
 PYRAMIDAL<c+a>                                                                 
  7   12   1   0                    modex,nsmx,nrsx,isensex                     
   1  0 -1  1    2 -1 -1 -3                                                     
   1  0 -1  1    1  1 -2 -3                                                     
   0  1 -1  1    1  1 -2 -3                                                     
   0  1 -1  1   -1  2 -1 -3                                                     
  -1  1  0  1   -1  2 -1 -3                                                     
  -1  1  0  1   -2  1  1 -3                                                     
  -1  0  1  1   -2  1  1 -3                                                     
  -1  0  1  1   -1 -1  2 -3                                                     
   0 -1  1  1   -1 -1  2 -3                                                     
   0 -1  1  1    1 -2  1 -3                                                     
   1 -1  0  1   -1 -2  1 -3                                                     
   1 -1  0  1    2 -1 -1 -3                                                     
*CONSTITUTIVE LAW**********************                                         
0     IHARDLAW                                                                  
1     IRATESENS                                                                 
50    GRSZE (ONLY MATTERS IF HPFAC IS NONZERO)                                  
PRISMATIC SLIP*****************3                                                
5     NRSX                                                                      
81             0             0             0             0   tau0,tau1,theta0,th
0.0   0.0   0.0   0.0 0.0 0.0 0.0     	       hlatx(1,im,iph),im=1,nmodes       
PRISMATIC SLIP*****************1                                                
5     NRSX                                                                      
43             0             0             0             0   tau0,tau1,theta0,th
0.0   0.0   0.0   0.0 0.0 0.0 0.0        	       hlatx(1,im,iph),im=1,nmodes    
PRISMATIC/BASAL SLIP*****************2                                          
5     NRSX                                                                      
61             0             0             0             0   tau0,tau1,theta0,th
0.0   0.0   0.0   0.0 0.0 0.0 0.0        	       hlatx(1,im,iph),im=1,nmodes    
PRISMATIC/BASAL SLIP*****************2                                          
5     NRSX                                                                      
61             0             0             0             0   tau0,tau1,theta0,th
0.0   0.0   0.0   0.0 0.0 0.0 0.0        	       hlatx(1,im,iph),im=1,nmodes    
BASAL SLIP *****************************3                                       
5     NRSX                                                                      
54             0             0             0             0   tau0,tau1,theta0,th
0.0   0.0   0.0   0.0 0.0 0.0 0.0            	       hlatx(1,im,iph),im=1,nmodes
BASAL SLIP *****************************1                                       
5     NRSX                                                                      
73             0             0             0             0   tau0,tau1,theta0,th
0.0   0.0   0.0   0.0 0.0 0.0 0.0            	       hlatx(1,im,iph),im=1,nmodes
PYRAMIDAL <C+A> SLIP                                                            
5     NRSX                                                                      
119              0              0              0              0   tau0,tau1,thet
0.0   0.0   0.0   0.0 0.0 0.0 0.0          	       hlatx(1,im,iph),im=1,nmodes  
                                                                                
**** END OF CRYSTAL DATA FILE ****


  N & B FOR MODE  1 IN PHASE  1
     0.866     0.500     0.000       -0.500     0.866     0.000
  N & B FOR MODE  2 IN PHASE  1
     0.000    -1.000     0.000        1.000     0.000     0.000
  N & B FOR MODE  3 IN PHASE  1
    -0.866     0.500     0.000       -0.500    -0.866     0.000
  N & B FOR MODE  4 IN PHASE  1
     0.000     0.000     1.000       -0.500    -0.866     0.000
  N & B FOR MODE  5 IN PHASE  1
     0.000     0.000     1.000       -0.500     0.866     0.000
  N & B FOR MODE  6 IN PHASE  1
     0.000     0.000     1.000        1.000     0.000     0.000
  N & B FOR MODE  7 IN PHASE  1
     0.761     0.439     0.477        0.531     0.000    -0.847
     0.761     0.439     0.477        0.266     0.460    -0.847
     0.000     0.879     0.477        0.266     0.460    -0.847
     0.000     0.879     0.477       -0.266     0.460    -0.847
    -0.761     0.439     0.477       -0.266     0.460    -0.847
    -0.761     0.439     0.477       -0.531     0.000    -0.847
    -0.761    -0.439     0.477       -0.531     0.000    -0.847
    -0.761    -0.439     0.477       -0.266    -0.460    -0.847
     0.000    -0.879     0.477       -0.266    -0.460    -0.847
     0.000    -0.879     0.477        0.266    -0.460    -0.847
     0.761    -0.439     0.477       -0.091    -0.475    -0.875
     0.761    -0.439     0.477        0.531     0.000    -0.847

 **** CRYST TEXTURE (FIRST FEW LINES) ****
                                                                                
                                                                                
                                                                                
B    500                                                                        
100  8.99597e-15            0        0.002                                      
100  8.99597e-15            0        0.002                                      
100  8.99597e-15            0        0.002                                      
100  8.99597e-15            0        0.002                                      
100  8.99597e-15            0        0.002                                      
100  8.99597e-15            0        0.002                                      
    .........................
 **** END OF CRYST TEXTURE DATA FILE ****

IPH=  1  FIJPH     1.0000   0.0000   0.0000   0.0000   1.0000   0.0000   0.0000   0.0000   1.0000
         EIGNVAL   1.0000   1.0000   1.0000
         EIGNVEC   1.0000  -0.0000   0.0000   0.0000  -0.0000   1.0000   0.0000  -1.0000   0.0000

 **** CRYSTAL DATA FILE ****
*Material: Ti-6242 beta phase                                                   
CUBIC             crysym                                                        
   1.0   1.0   1.0    90.0   90.0   90.0  unit cell axes and angles             
Elastic stiffness for bcc ti at 300K [MPa] (from Rokhlin)                       
 135.0e3   113.0e3   113.0e3   0.0   0.0   0.0                                  
 113.0e3   113.0e3   113.0e3   0.0   0.0   0.0                                  
 113.0e3   135.0e3   135.0e3   0.0   0.0   0.0                                  
 0.0   0.0   0.0   54.9e3    000.0   0.0                                        
 0.0   0.0   0.0   0.0   54.9e3    0.0                                          
 0.0   0.0   0.0   0.0   0.0   54.9e3                                           
*Thermal expansion coefficients (single crystal in crystal axis):               
  0.0e-6   0.0e-6   0.0e-6   0.0e0   0.0e0   0.0e0                              
INFORMATION ABOUT SLIP AND TWIN SYSTEMS                                         
 3              nmodesx (total # of modes listed in the file)                   
 3              nmodes  (# of modes to be used in the calculation)              
 1   2   3      mode(i) (label of the modes to be used)                         
   {110}<111> SLIP                                                              
 1   12   1    0                    modex,nsmx,nrsx,isensex                     
    0    1    1     1    1   -1       slip (n-b)                                
    1    0    1     1    1   -1                                                 
    1   -1    0     1    1   -1                                                 
    0    1   -1     1   -1   -1                                                 
    1    0    1     1   -1   -1                                                 
    1    1    0     1   -1   -1                                                 
    0    1    1     1   -1    1                                                 
    1    0   -1     1   -1    1                                                 
    1    1    0     1   -1    1                                                 
    0    1   -1     1    1    1                                                 
    1    0   -1     1    1    1                                                 
    1   -1    0     1    1    1                                                 
   {112}<111> SLIP                                                              
 2   12   1    0                    modex,nsmx,nrsx,isensex                     
   -2    1   -1    -1   -1    1       slip (n-b)                                
    1   -2   -1    -1   -1    1                                                 
    1    1    2    -1   -1    1                                                 
   -2   -1   -1    -1    1    1                                                 
    1    2   -1    -1    1    1                                                 
    1   -1    2    -1    1    1                                                 
    2    1   -1     1   -1    1                                                 
   -1   -2   -1     1   -1    1                                                 
   -1    1    2     1   -1    1                                                 
    2   -1   -1     1    1    1                                                 
   -1    2   -1     1    1    1                                                 
   -1   -1    2     1    1    1                                                 
   {123}<111> SLIP                                                              
 3   24   1    0                    modex,nsmx,nrsx,isensex                     
   1    2    3     1    1   -1       slip (n-b)                                 
  -1    3    2     1    1   -1                                                  
   2    1    3     1    1   -1                                                  
  -2    3    1     1    1   -1                                                  
   3   -1    2     1    1   -1                                                  
   3   -2    1     1    1   -1                                                  
  -1    2   -3     1   -1   -1                                                  
   1    3   -2     1   -1   -1                                                  
   2   -1    3     1   -1   -1                                                  
   2    3   -1     1   -1   -1                                                  
   3    1    2     1   -1   -1                                                  
   3    2    1     1   -1   -1                                                  
   1   -2   -3     1   -1    1                                                  
   1    3    2     1   -1    1                                                  
   2   -1   -3     1   -1    1                                                  
   2    3    1     1   -1    1                                                  
   3    1   -2     1   -1    1                                                  
   3    2   -1     1   -1    1                                                  
   1    2   -3     1    1    1                                                  
   1   -3    2     1    1    1                                                  
   2    1   -3     1    1    1                                                  
   2   -3    1     1    1    1                                                  
  -3    1    2     1    1    1                                                  
  -3    2    1     1    1    1                                                  
*CONSTITUTIVE LAW**********************                                         
0     IHARDLAW                                                                  
1     IRATESENS                                                                 
50    GRSZE (ONLY MATTERS IF HPFAC IS NONZERO)                                  
{110}<111> SLIP*****************                                                
5     NRSX                                                                      
25            0            0            0            0   tau0,tau1,theta0,theta1
0.0   0.0   0.0        	       hlatx(1,im,iph),im=1,nmodes                      
{112}<111> SLIP*****************                                                
5    NRSX                                                                       
25            0            0            0            0   tau0,tau1,theta0,theta1
0.0   0.0   0.0        	       hlatx(1,im,iph),im=1,nmodes                      
{123}<111> SLIP*****************                                                
5    NRSX                                                                       
25            0            0            0            0   tau0,tau1,theta0,theta1
0.0   0.0   0.0        	       hlatx(1,im,iph),im=1,nmodes                      
**** END OF CRYSTAL DATA FILE ****


  N & B FOR MODE  1 IN PHASE  2
     0.000     0.707     0.707        0.577     0.577    -0.577
     0.707     0.000     0.707        0.577     0.577    -0.577
     0.707    -0.707     0.000        0.577     0.577    -0.577
     0.000     0.707    -0.707        0.577    -0.577    -0.577
     0.707     0.000     0.707        0.577    -0.577    -0.577
     0.707     0.707     0.000        0.577    -0.577    -0.577
     0.000     0.707     0.707        0.577    -0.577     0.577
     0.707     0.000    -0.707        0.577    -0.577     0.577
     0.707     0.707     0.000        0.577    -0.577     0.577
     0.000     0.707    -0.707        0.577     0.577     0.577
     0.707     0.000    -0.707        0.577     0.577     0.577
     0.707    -0.707     0.000        0.577     0.577     0.577
  N & B FOR MODE  2 IN PHASE  2
    -0.816     0.408    -0.408       -0.577    -0.577     0.577
     0.408    -0.816    -0.408       -0.577    -0.577     0.577
     0.408     0.408     0.816       -0.577    -0.577     0.577
    -0.816    -0.408    -0.408       -0.577     0.577     0.577
     0.408     0.816    -0.408       -0.577     0.577     0.577
     0.408    -0.408     0.816       -0.577     0.577     0.577
     0.816     0.408    -0.408        0.577    -0.577     0.577
    -0.408    -0.816    -0.408        0.577    -0.577     0.577
    -0.408     0.408     0.816        0.577    -0.577     0.577
     0.816    -0.408    -0.408        0.577     0.577     0.577
    -0.408     0.816    -0.408        0.577     0.577     0.577
    -0.408    -0.408     0.816        0.577     0.577     0.577
  N & B FOR MODE  3 IN PHASE  2
     0.267     0.535     0.802        0.577     0.577    -0.577
    -0.267     0.802     0.535        0.577     0.577    -0.577
     0.535     0.267     0.802        0.577     0.577    -0.577
    -0.535     0.802     0.267        0.577     0.577    -0.577
     0.802    -0.267     0.535        0.577     0.577    -0.577
     0.802    -0.535     0.267        0.577     0.577    -0.577
    -0.267     0.535    -0.802        0.577    -0.577    -0.577
     0.267     0.802    -0.535        0.577    -0.577    -0.577
     0.535    -0.267     0.802        0.577    -0.577    -0.577
     0.535     0.802    -0.267        0.577    -0.577    -0.577
     0.802     0.267     0.535        0.577    -0.577    -0.577
     0.802     0.535     0.267        0.577    -0.577    -0.577
     0.267    -0.535    -0.802        0.577    -0.577     0.577
     0.267     0.802     0.535        0.577    -0.577     0.577
     0.535    -0.267    -0.802        0.577    -0.577     0.577
     0.535     0.802     0.267        0.577    -0.577     0.577
     0.802     0.267    -0.535        0.577    -0.577     0.577
     0.802     0.535    -0.267        0.577    -0.577     0.577
     0.267     0.535    -0.802        0.577     0.577     0.577
     0.267    -0.802     0.535        0.577     0.577     0.577
     0.535     0.267    -0.802        0.577     0.577     0.577
     0.535    -0.802     0.267        0.577     0.577     0.577
    -0.802     0.267     0.535        0.577     0.577     0.577
    -0.802     0.535     0.267        0.577     0.577     0.577

 **** CRYST TEXTURE (FIRST FEW LINES) ****
                                                                                
                                                                                
                                                                                
B    500                                                                        
315            90            45         0.002                                   
315            90            45         0.002                                   
315            90            45         0.002                                   
315            90            45         0.002                                   
315            90            45         0.002                                   
315            90            45         0.002                                   
    .........................
 **** END OF CRYST TEXTURE DATA FILE ****

IPH=  2  FIJPH     1.0000   0.0000   0.0000   0.0000   1.0000   0.0000   0.0000   0.0000   1.0000
         EIGNVAL   1.0000   1.0000   1.0000
         EIGNVEC   1.0000  -0.0000   0.0000   0.0000  -0.0000   1.0000   0.0000  -1.0000   0.0000

 UB ELASTIC STIFFNESS (VOIGT NOTATION)
  0.1498E+06  0.7770E+05  0.6418E+05  0.3403E+03 -0.3403E+03 -0.2161E+04
  0.7770E+05  0.1498E+06  0.6418E+05  0.3403E+03 -0.3403E+03 -0.2161E+04
  0.6322E+05  0.6322E+05  0.1648E+06 -0.6806E+03  0.6806E+03  0.4323E+04
 -0.3403E+03 -0.3403E+03 -0.6806E+03  0.4546E+05  0.4323E+04  0.3403E+03
  0.3403E+03  0.3403E+03  0.6806E+03  0.4323E+04  0.4546E+05 -0.3403E+03
 -0.1199E+04 -0.1199E+04  0.5285E+04  0.1021E+04 -0.1021E+04  0.2957E+05


  ELASTIC ESHELBY TENSOR (VOIGT NOTATION)
     0.54213     0.09597     0.04616     0.00238    -0.00209    -0.00857
     0.09597     0.54213     0.04616     0.00209    -0.00238    -0.00857
     0.02459     0.02459     0.53636    -0.00305     0.00305     0.01909
     0.00451     0.00430    -0.00112     0.24634     0.01699     0.00606
    -0.00430    -0.00451     0.00112     0.01699     0.24634    -0.00606
    -0.00718    -0.00718     0.02090     0.00579    -0.00579     0.19701

SC ELASTIC STIFFNESS (VOIGT NOTATION)
  0.1481E+06  0.7762E+05  0.6381E+05  0.1943E+03 -0.1945E+03 -0.2084E+04
  0.7762E+05  0.1481E+06  0.6381E+05  0.1945E+03 -0.1943E+03 -0.2084E+04
  0.6381E+05  0.6381E+05  0.1614E+06 -0.1739E+04  0.1739E+04  0.6874E+04
  0.1943E+03  0.1945E+03 -0.1739E+04  0.4287E+05  0.6857E+04  0.1660E+04
 -0.1945E+03 -0.1943E+03  0.1739E+04  0.6857E+04  0.4287E+05 -0.1660E+04
 -0.2084E+04 -0.2084E+04  0.6874E+04  0.1660E+04 -0.1660E+04  0.2791E+05

SC ELASTIC COMPLIANCE (VOIGT NOTATION)
  0.9974E-05 -0.4209E-05 -0.2327E-05 -0.9536E-07  0.9539E-07  0.5131E-06
 -0.4209E-05  0.9974E-05 -0.2327E-05 -0.9539E-07  0.9536E-07  0.5131E-06
 -0.2327E-05 -0.2327E-05  0.8149E-05  0.2650E-06 -0.2650E-06 -0.1209E-05
 -0.9536E-07 -0.9539E-07  0.2650E-06  0.6012E-05 -0.9851E-06 -0.4559E-06
  0.9539E-07  0.9536E-07 -0.2650E-06 -0.9851E-06  0.6012E-05  0.4559E-06
  0.5131E-06  0.5131E-06 -0.1209E-05 -0.4559E-06  0.4559E-06  0.9198E-05
  EULER ANGLES OF PHASE before rotation   1
   180.000    90.000   180.000
  ELLIPSOID AXES OF PHASE before rotatn   1
     1.000     1.000     1.000
IPH=  1  FIJPH     1.0000   0.0000   0.0000   0.0000   1.0000   0.0000   0.0000   0.0000   1.0000
         EIGNVAL   1.0000   1.0000   1.0000
         EIGNVEC   1.0000  -0.0000   0.0000   0.0000  -0.0000   1.0000   0.0000  -1.0000   0.0000
  EULER ANGLES OF PHASE after rotation   1
   180.000    90.000   180.000
  ELLIPSOID AXES OF PHASE after rotatn   1
     1.000     1.000     1.000
  EULER ANGLES OF PHASE before rotation   2
   180.000    90.000   180.000
  ELLIPSOID AXES OF PHASE before rotatn   2
     1.000     1.000     1.000
IPH=  2  FIJPH     1.0000   0.0000   0.0000   0.0000   1.0000   0.0000   0.0000   0.0000   1.0000
         EIGNVAL   1.0000   1.0000   1.0000
         EIGNVEC   1.0000  -0.0000   0.0000   0.0000  -0.0000   1.0000   0.0000  -1.0000   0.0000
  EULER ANGLES OF PHASE after rotation   2
   180.000    90.000   180.000
  ELLIPSOID AXES OF PHASE after rotatn   2
     1.000     1.000     1.000

*** LOAD CONDITIONS FOR THIS RUN
40   3   0.025    982.0         nsteps  ictrl  eqincr  temp                     
* boundary conditions                                                           
    1       1       1           iudot    |    flag for vel.grad.                
    1       1       1                    |    (0:unknown-1:known)               
    1       1       1                    |                                      
                                         |                                      
   -0.005    0.00     0.00        udot     |    vel.grad                        
   0.00    -0.005     0.00                 |                                    
   0.00    0.00    0.010                 |                                      
                                         |                                      
    0       0       0           iscau    |    flag for Cauchy                   
            0       0                    |                                      
                    0                    |                                      
                                         |                                      
    0.0     0.0     0.0         scauchy  |    Cauchy stress                     
            0.0     0.0                  |                                      
                    0.0                  @                                      

*******   STEP   1      *** NEFF=10 CALCULATION                

 xmctg after gr rate for grain  301
  0.4097E-04  0.9276E-06  0.3847E-05  0.5350E-06 -0.3624E-05
  0.9276E-06  0.1732E-03 -0.1321E-05 -0.2593E-06  0.1335E-05
  0.3847E-05 -0.1321E-05  0.5433E-04  0.8355E-06  0.4018E-05
  0.5350E-06 -0.2593E-06  0.8355E-06  0.5416E-04 -0.3247E-06
 -0.3624E-05  0.1335E-05  0.4018E-05 -0.3247E-06  0.3680E-04

 xmctg after gr rate for grain  302
  0.4097E-04  0.9276E-06  0.3847E-05  0.5350E-06 -0.3624E-05
  0.9276E-06  0.1732E-03 -0.1321E-05 -0.2593E-06  0.1335E-05
  0.3847E-05 -0.1321E-05  0.5433E-04  0.8355E-06  0.4018E-05
  0.5350E-06 -0.2593E-06  0.8355E-06  0.5416E-04 -0.3247E-06
 -0.3624E-05  0.1335E-05  0.4018E-05 -0.3247E-06  0.3680E-04

 xmctg after gr rate for grain  303
  0.4097E-04  0.9276E-06  0.3847E-05  0.5350E-06 -0.3624E-05
  0.9276E-06  0.1732E-03 -0.1321E-05 -0.2593E-06  0.1335E-05
  0.3847E-05 -0.1321E-05  0.5433E-04  0.8355E-06  0.4018E-05
  0.5350E-06 -0.2593E-06  0.8355E-06  0.5416E-04 -0.3247E-06
 -0.3624E-05  0.1335E-05  0.4018E-05 -0.3247E-06  0.3680E-04

 xmctg after gr rate for grain  304
  0.4097E-04  0.9276E-06  0.3847E-05  0.5350E-06 -0.3624E-05
  0.9276E-06  0.1732E-03 -0.1321E-05 -0.2593E-06  0.1335E-05
  0.3847E-05 -0.1321E-05  0.5433E-04  0.8355E-06  0.4018E-05
  0.5350E-06 -0.2593E-06  0.8355E-06  0.5416E-04 -0.3247E-06
 -0.3624E-05  0.1335E-05  0.4018E-05 -0.3247E-06  0.3680E-04

 xmctg after gr rate for grain  305
  0.4097E-04  0.9276E-06  0.3847E-05  0.5350E-06 -0.3624E-05
  0.9276E-06  0.1732E-03 -0.1321E-05 -0.2593E-06  0.1335E-05
  0.3847E-05 -0.1321E-05  0.5433E-04  0.8355E-06  0.4018E-05
  0.5350E-06 -0.2593E-06  0.8355E-06  0.5416E-04 -0.3247E-06
 -0.3624E-05  0.1335E-05  0.4018E-05 -0.3247E-06  0.3680E-04
IPH=  0  FIJPH     0.9875   0.0000   0.0000   0.0000   0.9875   0.0000   0.0000   0.0000   1.0250
         EIGNVAL   0.9875   1.0250   0.9875
         EIGNVEC   1.0000  -0.0000   0.0000   0.0000  -0.0000   1.0000   0.0000  -1.0000   0.0000
IPH=  1  FIJPH     0.9927   0.0016  -0.0000   0.0016   0.9929  -0.0002  -0.0000  -0.0001   1.0145
         EIGNVAL   0.9944   1.0145   0.9913
         EIGNVEC   0.6844  -0.0017   0.7291   0.7291  -0.0063  -0.6844   0.0057   1.0000  -0.0031
IPH=  2  FIJPH     0.9631  -0.0075   0.0002  -0.0075   0.9622   0.0007   0.0000   0.0005   1.0747
         EIGNVAL   0.9702   1.0747   0.9551
         EIGNVEC   0.7296  -0.0008   0.6839  -0.6839  -0.0056   0.7296   0.0033  -1.0000  -0.0046

*******   STEP   2      *** NEFF=10 CALCULATION                
IPH=  0  FIJPH     0.9752   0.0000   0.0000   0.0000   0.9752   0.0000   0.0000   0.0000   1.0506
         EIGNVAL   0.9752   1.0506   0.9752
         EIGNVEC   1.0000  -0.0000   0.0000   0.0000  -0.0000   1.0000   0.0000  -1.0000   0.0000
IPH=  1  FIJPH     0.9854   0.0032  -0.0001   0.0032   0.9858  -0.0003  -0.0000  -0.0002   1.0297
         EIGNVAL   0.9888   1.0297   0.9823
         EIGNVEC   0.6841  -0.0016   0.7294   0.7294  -0.0062  -0.6841   0.0056   1.0000  -0.0030
IPH=  2  FIJPH     0.9286  -0.0148   0.0004  -0.0147   0.9266   0.0014   0.0001   0.0011   1.1531
         EIGNVAL   0.9424   1.1531   0.9128
         EIGNVEC   0.7298  -0.0008   0.6836  -0.6836  -0.0056   0.7298   0.0033  -1.0000  -0.0047

*******   STEP   3      *** NEFF=10 CALCULATION                
IPH=  0  FIJPH     0.9630   0.0000   0.0000   0.0000   0.9630   0.0000   0.0000   0.0000   1.0769
         EIGNVAL   0.9630   1.0769   0.9630
         EIGNVEC   1.0000  -0.0000   0.0000   0.0000  -0.0000   1.0000   0.0000  -1.0000   0.0000
